<?xml version="1.0" encoding="UTF-8"?>
<!-- Generated by org.testng.reporters.JUnitReportReporter -->
<testsuite hostname="MALLIKARJUNA-PC" failures="0" tests="1" name="OrangeHRM100.Gmail_Login" time="10.926" errors="0" timestamp="23 Sep 2021 16:51:18 GMT" skipped="0">
  <testcase classname="OrangeHRM100.Gmail_Login" name="NewTest1" time="10.926"/>
</testsuite> <!-- OrangeHRM100.Gmail_Login -->
