<?xml version="1.0" encoding="UTF-8"?>
<!-- Generated by org.testng.reporters.JUnitReportReporter -->
<testsuite hostname="MALLIKARJUNA-PC" failures="0" tests="1" name="OrangeHRM100.Orange_HRM_Locators" time="19.960" errors="0" timestamp="24 Sep 2021 17:47:46 GMT" skipped="0">
  <testcase classname="OrangeHRM100.Orange_HRM_Locators" name="NewTest1" time="19.960"/>
</testsuite> <!-- OrangeHRM100.Orange_HRM_Locators -->
