<?xml version="1.0" encoding="UTF-8"?>
<!-- Generated by org.testng.reporters.JUnitReportReporter -->
<testsuite hostname="MALLIKARJUNA-PC" failures="0" tests="1" name="OrangeHRM100.M8_EmailableReport" time="11.483" errors="0" timestamp="03 Nov 2021 07:06:08 GMT" skipped="0">
  <testcase classname="OrangeHRM100.M8_EmailableReport" name="Test10" time="11.483"/>
</testsuite> <!-- OrangeHRM100.M8_EmailableReport -->
