<?xml version="1.0" encoding="UTF-8"?>
<!-- Generated by org.testng.reporters.JUnitReportReporter -->
<testsuite hostname="MALLIKARJUNA-PC" failures="0" tests="1" name="Advanced_Xpath.Relative_Xpath" time="13.841" errors="0" timestamp="21 Oct 2021 00:31:52 GMT" skipped="0">
  <testcase classname="Advanced_Xpath.Relative_Xpath" name="Absoulute" time="13.841"/>
</testsuite> <!-- Advanced_Xpath.Relative_Xpath -->
