<?xml version="1.0" encoding="UTF-8"?>
<!-- Generated by org.testng.reporters.JUnitReportReporter -->
<testsuite hostname="MALLIKARJUNA-PC" failures="0" tests="1" name="OrangeHRM100.sample" time="14.336" errors="0" timestamp="03 Nov 2021 02:56:51 GMT" skipped="0">
  <testcase classname="OrangeHRM100.sample" name="verification" time="14.336"/>
</testsuite> <!-- OrangeHRM100.sample -->
