<?xml version="1.0" encoding="UTF-8"?>
<!-- Generated by org.testng.reporters.JUnitReportReporter -->
<testsuite hostname="MALLIKARJUNA-PC" failures="0" tests="1" name="OrangeHRM100.Orange_HRM_dropdown" time="20.318" errors="0" timestamp="21 Oct 2021 07:51:23 GMT" skipped="0">
  <testcase classname="OrangeHRM100.Orange_HRM_dropdown" name="NewTest1" time="20.318"/>
</testsuite> <!-- OrangeHRM100.Orange_HRM_dropdown -->
