<?xml version="1.0" encoding="UTF-8"?>
<!-- Generated by org.testng.reporters.JUnitReportReporter -->
<testsuite hostname="MALLIKARJUNA-PC" failures="0" tests="1" name="OrangeHRM100.Parameterization" time="16.620" errors="0" timestamp="04 Nov 2021 02:00:18 GMT" skipped="0">
  <testcase classname="OrangeHRM100.Parameterization" name="Options" time="16.620"/>
</testsuite> <!-- OrangeHRM100.Parameterization -->
