<?xml version="1.0" encoding="UTF-8"?>
<!-- Generated by org.testng.reporters.JUnitReportReporter -->
<testsuite hostname="MALLIKARJUNA-PC" failures="0" tests="1" name="OrangeHRM100.NewTest" time="11.430" errors="0" timestamp="22 Sep 2021 15:10:31 GMT" skipped="0">
  <testcase classname="OrangeHRM100.NewTest" name="NewTest1" time="11.430"/>
</testsuite> <!-- OrangeHRM100.NewTest -->
