<?xml version="1.0" encoding="UTF-8"?>
<!-- Generated by org.testng.reporters.JUnitReportReporter -->
<testsuite hostname="MALLIKARJUNA-PC" failures="0" tests="1" name="OrangeHRM100.Static" time="18.532" errors="0" timestamp="29 Sep 2021 17:05:32 GMT" skipped="0">
  <testcase classname="OrangeHRM100.Static" name="Login_Test" time="18.532"/>
</testsuite> <!-- OrangeHRM100.Static -->
