<?xml version="1.0" encoding="UTF-8"?>
<!-- Generated by org.testng.reporters.JUnitReportReporter -->
<testsuite hostname="MALLIKARJUNA-PC" failures="0" tests="1" name="OrangeHRM100.Orange_HRM_tagname_Locator" time="8.791" errors="0" timestamp="25 Sep 2021 01:57:43 GMT" skipped="0">
  <testcase classname="OrangeHRM100.Orange_HRM_tagname_Locator" name="NewTest1" time="8.791"/>
</testsuite> <!-- OrangeHRM100.Orange_HRM_tagname_Locator -->
