<?xml version="1.0" encoding="UTF-8"?>
<!-- Generated by org.testng.reporters.JUnitReportReporter -->
<testsuite hostname="MALLIKARJUNA-PC" failures="0" tests="2" name="OrangeHRM100.M7_DataProvider_lab1" time="34.029" errors="0" timestamp="01 Oct 2021 08:48:50 GMT" skipped="0">
  <testcase classname="OrangeHRM100.M7_DataProvider_lab1" name="Case1" time="17.236"/>
  <testcase classname="OrangeHRM100.M7_DataProvider_lab1" name="Case1" time="16.793"/>
</testsuite> <!-- OrangeHRM100.M7_DataProvider_lab1 -->
