<?xml version="1.0" encoding="UTF-8"?>
<!-- Generated by org.testng.reporters.JUnitReportReporter -->
<testsuite hostname="MALLIKARJUNA-PC" failures="0" tests="1" name="OrangeHRM100.PageFactory" time="8.647" errors="0" timestamp="05 Oct 2021 17:08:29 GMT" skipped="0">
  <testcase classname="OrangeHRM100.PageFactory" name="Nationality" time="8.647"/>
</testsuite> <!-- OrangeHRM100.PageFactory -->
