<?xml version="1.0" encoding="UTF-8"?>
<!-- Generated by org.testng.reporters.JUnitReportReporter -->
<testsuite hostname="MALLIKARJUNA-PC" failures="0" tests="1" name="OrangeHRM100.Simple_Non_Static" time="21.591" errors="0" timestamp="30 Sep 2021 10:33:35 GMT" skipped="0">
  <testcase classname="OrangeHRM100.Simple_Non_Static" name="verification" time="21.591"/>
</testsuite> <!-- OrangeHRM100.Simple_Non_Static -->
